<?xml version="1.0" encoding="UTF-8"?>
<testng-results total="1" passed="1" failed="0" skipped="0">
  <reporter-output>
  </reporter-output>
  <suite started-at="2022-09-23T05:52:10Z" name="Default suite" finished-at="2022-09-23T05:52:10Z" duration-ms="19">
    <groups>
    </groups>
    <test started-at="2022-09-23T05:52:10Z" name="Default test" finished-at="2022-09-23T05:52:10Z" duration-ms="19">
      <class name="tyss.PracticeProjectSDET40.PracticeTestCase3">
        <test-method signature="test()[pri:0, instance:tyss.PracticeProjectSDET40.PracticeTestCase3@12d2ce03]" started-at="2022-09-23T11:22:10Z" name="test" finished-at="2022-09-23T11:22:10Z" duration-ms="9" status="PASS">
          <reporter-output>
          </reporter-output>
        </test-method> <!-- test -->
      </class> <!-- tyss.PracticeProjectSDET40.PracticeTestCase3 -->
    </test> <!-- Default test -->
  </suite> <!-- Default suite -->
</testng-results>
