<?xml version="1.0" encoding="UTF-8"?>
<testng-results total="1" passed="1" failed="0" skipped="0">
  <reporter-output>
  </reporter-output>
  <suite started-at="2022-09-23T09:12:15Z" name="Default suite" finished-at="2022-09-23T09:12:15Z" duration-ms="22">
    <groups>
    </groups>
    <test started-at="2022-09-23T09:12:15Z" name="Default test" finished-at="2022-09-23T09:12:15Z" duration-ms="22">
      <class name="tyss.PracticeProjectSDET40.PracticeTestCase3">
        <test-method signature="test()[pri:0, instance:tyss.PracticeProjectSDET40.PracticeTestCase3@3697186]" started-at="2022-09-23T14:42:15Z" name="test" finished-at="2022-09-23T14:42:15Z" duration-ms="7" status="PASS">
          <reporter-output>
          </reporter-output>
        </test-method> <!-- test -->
      </class> <!-- tyss.PracticeProjectSDET40.PracticeTestCase3 -->
    </test> <!-- Default test -->
  </suite> <!-- Default suite -->
</testng-results>
